[2019-07-05 09:29:38][DEBUG][ERROR] : [class : App\HttpController\Router not AbstractRouter class at file:/mnt/c/linux/easyswoole/vendor/easyswoole/http/src/Dispatcher.php line:74]
[2019-07-05 09:52:38][DEBUG][WARNING] : [Illegal offset type in isset or empty at file:/mnt/c/linux/easyswoole/vendor/easyswoole/http/src/Message/Status.php line:124]
[2019-07-05 09:52:38][DEBUG][WARNING] : [Swoole\Http\Response::status() expects parameter 1 to be integer, array given at file:/mnt/c/linux/easyswoole/vendor/easyswoole/http/src/Response.php line:43]
[2019-07-05 09:52:38][DEBUG][WARNING] : [Illegal offset type in isset or empty at file:/mnt/c/linux/easyswoole/vendor/easyswoole/http/src/Message/Status.php line:124]
[2019-07-05 09:52:38][DEBUG][WARNING] : [Swoole\Http\Response::status() expects parameter 1 to be integer, array given at file:/mnt/c/linux/easyswoole/vendor/easyswoole/http/src/Response.php line:43]
[2019-07-05 09:52:39][DEBUG][WARNING] : [Illegal offset type in isset or empty at file:/mnt/c/linux/easyswoole/vendor/easyswoole/http/src/Message/Status.php line:124]
[2019-07-05 09:52:39][DEBUG][WARNING] : [Swoole\Http\Response::status() expects parameter 1 to be integer, array given at file:/mnt/c/linux/easyswoole/vendor/easyswoole/http/src/Response.php line:43]
[2019-07-05 09:52:39][DEBUG][WARNING] : [Illegal offset type in isset or empty at file:/mnt/c/linux/easyswoole/vendor/easyswoole/http/src/Message/Status.php line:124]
[2019-07-05 09:52:39][DEBUG][WARNING] : [Swoole\Http\Response::status() expects parameter 1 to be integer, array given at file:/mnt/c/linux/easyswoole/vendor/easyswoole/http/src/Response.php line:43]
[2019-07-05 09:52:39][DEBUG][WARNING] : [Illegal offset type in isset or empty at file:/mnt/c/linux/easyswoole/vendor/easyswoole/http/src/Message/Status.php line:124]
[2019-07-05 09:52:39][DEBUG][WARNING] : [Swoole\Http\Response::status() expects parameter 1 to be integer, array given at file:/mnt/c/linux/easyswoole/vendor/easyswoole/http/src/Response.php line:43]
[2019-07-05 09:52:39][DEBUG][WARNING] : [Illegal offset type in isset or empty at file:/mnt/c/linux/easyswoole/vendor/easyswoole/http/src/Message/Status.php line:124]
[2019-07-05 09:52:39][DEBUG][WARNING] : [Swoole\Http\Response::status() expects parameter 1 to be integer, array given at file:/mnt/c/linux/easyswoole/vendor/easyswoole/http/src/Response.php line:43]
[2019-07-05 09:52:40][DEBUG][WARNING] : [Illegal offset type in isset or empty at file:/mnt/c/linux/easyswoole/vendor/easyswoole/http/src/Message/Status.php line:124]
[2019-07-05 09:52:40][DEBUG][WARNING] : [Swoole\Http\Response::status() expects parameter 1 to be integer, array given at file:/mnt/c/linux/easyswoole/vendor/easyswoole/http/src/Response.php line:43]
[2019-07-05 09:52:40][DEBUG][WARNING] : [Illegal offset type in isset or empty at file:/mnt/c/linux/easyswoole/vendor/easyswoole/http/src/Message/Status.php line:124]
[2019-07-05 09:52:40][DEBUG][WARNING] : [Swoole\Http\Response::status() expects parameter 1 to be integer, array given at file:/mnt/c/linux/easyswoole/vendor/easyswoole/http/src/Response.php line:43]
[2019-07-05 09:52:40][DEBUG][WARNING] : [Illegal offset type in isset or empty at file:/mnt/c/linux/easyswoole/vendor/easyswoole/http/src/Message/Status.php line:124]
[2019-07-05 09:52:40][DEBUG][WARNING] : [Swoole\Http\Response::status() expects parameter 1 to be integer, array given at file:/mnt/c/linux/easyswoole/vendor/easyswoole/http/src/Response.php line:43]
[2019-07-05 09:52:40][DEBUG][WARNING] : [Illegal offset type in isset or empty at file:/mnt/c/linux/easyswoole/vendor/easyswoole/http/src/Message/Status.php line:124]
[2019-07-05 09:52:40][DEBUG][WARNING] : [Swoole\Http\Response::status() expects parameter 1 to be integer, array given at file:/mnt/c/linux/easyswoole/vendor/easyswoole/http/src/Response.php line:43]
[2019-07-05 09:52:41][DEBUG][WARNING] : [Illegal offset type in isset or empty at file:/mnt/c/linux/easyswoole/vendor/easyswoole/http/src/Message/Status.php line:124]
[2019-07-05 09:52:41][DEBUG][WARNING] : [Swoole\Http\Response::status() expects parameter 1 to be integer, array given at file:/mnt/c/linux/easyswoole/vendor/easyswoole/http/src/Response.php line:43]
[2019-07-11 13:45:12][DEBUG][ERROR] : [Uncaught Error: Class 'EasySwoole\EasySwoole\WebSocketParser' not found in /mnt/c/linux/easyswoole/EasySwooleEvent.php:37
Stack trace:
#0 /mnt/c/linux/easyswoole/vendor/easyswoole/easyswoole/src/Core.php(119): EasySwoole\EasySwoole\EasySwooleEvent::mainServerCreate(Object(EasySwoole\EasySwoole\Swoole\EventRegister))
#1 /mnt/c/linux/easyswoole/vendor/easyswoole/easyswoole/src/Command/DefaultCommand/Start.php(42): EasySwoole\EasySwoole\Core->createServer()
#2 /mnt/c/linux/easyswoole/vendor/easyswoole/easyswoole/src/Command/CommandContainer.php(44): EasySwoole\EasySwoole\Command\DefaultCommand\Start->exec(Array)
#3 /mnt/c/linux/easyswoole/vendor/easyswoole/easyswoole/src/Command/CommandRunner.php(48): EasySwoole\EasySwoole\Command\CommandContainer->hook('start', Array)
#4 /mnt/c/linux/easyswoole/easyswoole(20): EasySwoole\EasySwoole\Command\CommandRunner->run(Array)
#5 {main}
  thrown at file:/mnt/c/linux/easyswoole/EasySwooleEvent.php line:37]
[2019-07-11 15:44:22][DEBUG][NOTICE] : [Serialization of closure failed: Serialization of 'Swoole\WebSocket\Server' is not allowed at file:/mnt/c/linux/easyswoole/vendor/jeremeamia/superclosure/src/SerializableClosure.php line:116]
[2019-07-11 15:44:22][DEBUG][WARNING] : [call_user_func() expects parameter 1 to be a valid callback, no array or string given at file:/mnt/c/linux/easyswoole/vendor/easyswoole/easyswoole/src/Swoole/Task/SuperClosure.php line:40]
[2019-07-11 15:44:30][DEBUG][NOTICE] : [Serialization of closure failed: Serialization of 'Swoole\WebSocket\Server' is not allowed at file:/mnt/c/linux/easyswoole/vendor/jeremeamia/superclosure/src/SerializableClosure.php line:116]
[2019-07-11 15:44:30][DEBUG][WARNING] : [call_user_func() expects parameter 1 to be a valid callback, no array or string given at file:/mnt/c/linux/easyswoole/vendor/easyswoole/easyswoole/src/Swoole/Task/SuperClosure.php line:40]
[2019-07-11 15:44:34][DEBUG][NOTICE] : [Serialization of closure failed: Serialization of 'Swoole\WebSocket\Server' is not allowed at file:/mnt/c/linux/easyswoole/vendor/jeremeamia/superclosure/src/SerializableClosure.php line:116]
[2019-07-11 15:44:34][DEBUG][WARNING] : [call_user_func() expects parameter 1 to be a valid callback, no array or string given at file:/mnt/c/linux/easyswoole/vendor/easyswoole/easyswoole/src/Swoole/Task/SuperClosure.php line:40]
[2019-07-11 15:46:14][DEBUG][NOTICE] : [Serialization of closure failed: Serialization of 'Swoole\WebSocket\Server' is not allowed at file:/mnt/c/linux/easyswoole/vendor/jeremeamia/superclosure/src/SerializableClosure.php line:116]
[2019-07-11 15:46:14][DEBUG][WARNING] : [call_user_func() expects parameter 1 to be a valid callback, no array or string given at file:/mnt/c/linux/easyswoole/vendor/easyswoole/easyswoole/src/Swoole/Task/SuperClosure.php line:40]
[2019-07-11 15:46:16][DEBUG][NOTICE] : [Serialization of closure failed: Serialization of 'Swoole\WebSocket\Server' is not allowed at file:/mnt/c/linux/easyswoole/vendor/jeremeamia/superclosure/src/SerializableClosure.php line:116]
[2019-07-11 15:46:16][DEBUG][WARNING] : [call_user_func() expects parameter 1 to be a valid callback, no array or string given at file:/mnt/c/linux/easyswoole/vendor/easyswoole/easyswoole/src/Swoole/Task/SuperClosure.php line:40]
[2019-07-11 15:46:16][DEBUG][NOTICE] : [Serialization of closure failed: Serialization of 'Swoole\WebSocket\Server' is not allowed at file:/mnt/c/linux/easyswoole/vendor/jeremeamia/superclosure/src/SerializableClosure.php line:116]
[2019-07-11 15:46:16][DEBUG][WARNING] : [call_user_func() expects parameter 1 to be a valid callback, no array or string given at file:/mnt/c/linux/easyswoole/vendor/easyswoole/easyswoole/src/Swoole/Task/SuperClosure.php line:40]
[2019-07-11 15:46:16][DEBUG][NOTICE] : [Serialization of closure failed: Serialization of 'Swoole\WebSocket\Server' is not allowed at file:/mnt/c/linux/easyswoole/vendor/jeremeamia/superclosure/src/SerializableClosure.php line:116]
[2019-07-11 15:46:16][DEBUG][WARNING] : [call_user_func() expects parameter 1 to be a valid callback, no array or string given at file:/mnt/c/linux/easyswoole/vendor/easyswoole/easyswoole/src/Swoole/Task/SuperClosure.php line:40]
[2019-07-11 15:46:19][DEBUG][NOTICE] : [Serialization of closure failed: Serialization of 'Swoole\WebSocket\Server' is not allowed at file:/mnt/c/linux/easyswoole/vendor/jeremeamia/superclosure/src/SerializableClosure.php line:116]
[2019-07-11 15:46:19][DEBUG][WARNING] : [call_user_func() expects parameter 1 to be a valid callback, no array or string given at file:/mnt/c/linux/easyswoole/vendor/easyswoole/easyswoole/src/Swoole/Task/SuperClosure.php line:40]
[2019-07-11 15:46:19][DEBUG][NOTICE] : [Serialization of closure failed: Serialization of 'Swoole\WebSocket\Server' is not allowed at file:/mnt/c/linux/easyswoole/vendor/jeremeamia/superclosure/src/SerializableClosure.php line:116]
[2019-07-11 15:46:19][DEBUG][WARNING] : [call_user_func() expects parameter 1 to be a valid callback, no array or string given at file:/mnt/c/linux/easyswoole/vendor/easyswoole/easyswoole/src/Swoole/Task/SuperClosure.php line:40]
[2019-08-31 15:58:44][DEBUG][ERROR] : [Too few arguments to function App\Model\BaseModel::__construct(), 0 passed in /mnt/c/linux/easyswoole/App/HttpController/Main/IndexController.php on line 26 and exactly 1 expected at file:/mnt/c/linux/easyswoole/App/Model/BaseModel.php line:16]
[2019-08-31 16:00:55][DEBUG][ERROR] : [Too few arguments to function EasySwoole\Mysqli\Mysqli::__construct(), 0 passed in /mnt/c/linux/easyswoole/App/HttpController/Main/IndexController.php on line 25 and exactly 1 expected at file:/mnt/c/linux/easyswoole/vendor/easyswoole/mysqli/src/Mysqli.php line:75]
[2019-08-31 16:00:57][DEBUG][ERROR] : [Too few arguments to function EasySwoole\Mysqli\Mysqli::__construct(), 0 passed in /mnt/c/linux/easyswoole/App/HttpController/Main/IndexController.php on line 25 and exactly 1 expected at file:/mnt/c/linux/easyswoole/vendor/easyswoole/mysqli/src/Mysqli.php line:75]
[2019-08-31 16:00:58][DEBUG][ERROR] : [Too few arguments to function EasySwoole\Mysqli\Mysqli::__construct(), 0 passed in /mnt/c/linux/easyswoole/App/HttpController/Main/IndexController.php on line 25 and exactly 1 expected at file:/mnt/c/linux/easyswoole/vendor/easyswoole/mysqli/src/Mysqli.php line:75]
[2019-08-31 16:00:58][DEBUG][ERROR] : [Too few arguments to function EasySwoole\Mysqli\Mysqli::__construct(), 0 passed in /mnt/c/linux/easyswoole/App/HttpController/Main/IndexController.php on line 25 and exactly 1 expected at file:/mnt/c/linux/easyswoole/vendor/easyswoole/mysqli/src/Mysqli.php line:75]
[2019-08-31 16:33:30][DEBUG][WARNING] : [A non-numeric value encountered at file:/mnt/c/linux/easyswoole/App/HttpController/Main/IndexController.php line:55]
